#
# A fatal error has been detected by the Java Runtime Environment:
#
#  EXCEPTION_IN_PAGE_ERROR (0xc0000006) at pc=0x00007ff9f49e1ad0, pid=8540, tid=25964
#
# JRE version:  (21.0.2+13) (build )
# Java VM: OpenJDK 64-Bit Server VM (21.0.2+13-58, mixed mode, emulated-client, sharing, tiered, compressed oops, compressed class ptrs, g1 gc, windows-amd64)
# Problematic frame:
# C  [VCRUNTIME140.dll+0x1ad0]
#
# No core dump will be written. Minidumps are not enabled by default on client versions of Windows
#
#

---------------  S U M M A R Y ------------

Command Line: -agentlib:jdwp=transport=dt_socket,address=127.0.0.1:53861,suspend=y,server=n -XX:TieredStopAtLevel=1 -Dspring.output.ansi.enabled=always -Dcom.sun.management.jmxremote -Dspring.jmx.enabled=true -Dspring.liveBeansView.mbeanDomain -Dspring.application.admin.enabled=true -Dmanagement.endpoints.jmx.exposure.include=* -Dfile.encoding=UTF-8 -Dsun.stdout.encoding=UTF-8 -Dsun.stderr.encoding=UTF-8 com.example.medisyncpro.MediSyncProApplication

Host: AMD Ryzen 7 3700X 8-Core Processor             , 16 cores, 14G,  Windows 10 , 64 bit Build 19041 (10.0.19041.3636)
Time: Fri Jan 26 15:26:41 2024 Central European Standard Time elapsed time: 0.020509 seconds (0d 0h 0m 0s)

---------------  T H R E A D  ---------------

Current thread is native thread

Stack: [0x00000031d0800000,0x00000031d0900000],  sp=0x00000031d08ff088,  free space=1020k
Native frames: (J=compiled Java code, j=interpreted, Vv=VM code, C=native code)
C  [VCRUNTIME140.dll+0x1ad0]
V  [jvm.dll+0x6eeb05]
V  [jvm.dll+0x6ed7f5]
V  [jvm.dll+0x6ed371]
V  [jvm.dll+0x3bbac2]
V  [jvm.dll+0x807825]
V  [jvm.dll+0x44f50e]
V  [jvm.dll+0x450e11]
C  [jli.dll+0x52a3]
C  [ucrtbase.dll+0x21bb2]
C  [KERNEL32.DLL+0x17344]
C  [ntdll.dll+0x526b1]


siginfo: EXCEPTION_IN_PAGE_ERROR (0xc0000006), writing address 0x0000015bee910020


Registers:
RAX=0x0000015bee910000, RBX=0x0000015bee910000, RCX=0x0000015bee910020, RDX=0x0000000000000020
RSP=0x00000031d08ff088, RBP=0x0000015bee770b60, RSI=0x0000015bee7607f0, RDI=0x0000000000000000
R8 =0x000000000000ffe0, R9 =0xffffffffffffffe0, R10=0x00007ff9f49e0000, R11=0x0000000000000000
R12=0x00007ff969eb6fe0, R13=0x0000015bee748ad0, R14=0x0000015bf09550c0, R15=0x0000000000010000
RIP=0x00007ff9f49e1ad0, EFLAGS=0x0000000000010283


Top of Stack: (sp=0x00000031d08ff088)
0x00000031d08ff088:   00007ff969f1eb05 0000015bee770b60
0x00000031d08ff098:   0000015b00000000 0000015bee7607f0
0x00000031d08ff0a8:   0000000000000170 0000000000010000
0x00000031d08ff0b8:   00000031d08ff0d0 00000031d08ff350
0x00000031d08ff0c8:   0000000000000104 0000000000000103
0x00000031d08ff0d8:   0000015bee770b65 0000000000000101
0x00000031d08ff0e8:   0000000000000004 0000015bee730000
0x00000031d08ff0f8:   00000031d08ff1b9 0000000000000002
0x00000031d08ff108:   00007ff9fc4bb3c7 0000015bee830000
0x00000031d08ff118:   0000003100000000 0000000000000014
0x00000031d08ff128:   00007ff900000000 0000015b005c3a43
0x00000031d08ff138:   0000000000000000 0000000200000080
0x00000031d08ff148:   0000000000000000 0000015bee730378
0x00000031d08ff158:   00000031d08ff164 000000020000a7f7
0x00000031d08ff168:   0000000000000000 0a2dcc5d00000000
0x00000031d08ff178:   00000000000008bd 0000015bee7422a4
0x00000031d08ff188:   0000000000000000 0000000000140024
0x00000031d08ff198:   0000000000000066 0000015bee78ad60
0x00000031d08ff1a8:   000000007e33be95 000000000000000c
0x00000031d08ff1b8:   00007ff9fc4bb86b 0000000000000000
0x00000031d08ff1c8:   0000015bee831080 0000000000330037
0x00000031d08ff1d8:   0000015bee830000 00000031d08ff948
0x00000031d08ff1e8:   00000031d08ff858 0000015bee748ad0
0x00000031d08ff1f8:   00007ff969eb6fe0 0000000000000013
0x00000031d08ff208:   0000000000000009 00000031d08ff2c0
0x00000031d08ff218:   00007ff9fa2cfde6 0000000000000000
0x00000031d08ff228:   0000000000000014 00000031d08ff2f0
0x00000031d08ff238:   00007ff9fa2c0000 0000000000000013
0x00000031d08ff248:   00007ff969eece81 0000000000000014
0x00000031d08ff258:   0000000000000000 0000000000000000
0x00000031d08ff268:   00007ff969eece81 0000000000000009
0x00000031d08ff278:   00007ff969eeef7a 0000000000000013 

Instructions: (pc=0x00007ff9f49e1ad0)
0x00007ff9f49e19d0:   49 03 c8 47 8b 8c 82 b0 80 01 00 4d 03 ca 41 ff
0x00007ff9f49e19e0:   e1 4c 89 59 f1 44 89 59 f9 66 44 89 59 fd 44 88
0x00007ff9f49e19f0:   59 ff c3 4c 89 59 f2 44 89 59 fa 66 44 89 59 fe
0x00007ff9f49e1a00:   c3 66 66 66 66 66 66 66 0f 1f 84 00 00 00 00 00
0x00007ff9f49e1a10:   4c 89 59 f3 44 89 59 fb 44 88 59 ff c3 0f 1f 00
0x00007ff9f49e1a20:   4c 89 59 f4 44 89 59 fc c3 4c 89 59 f5 66 44 89
0x00007ff9f49e1a30:   59 fd 44 88 59 ff c3 4c 89 59 f7 44 88 59 ff c3
0x00007ff9f49e1a40:   4c 89 59 f6 66 44 89 59 fe c3 4c 89 59 f8 c3 90
0x00007ff9f49e1a50:   66 0f 6c c0 49 83 f8 20 77 0c f3 0f 7f 01 f3 42
0x00007ff9f49e1a60:   0f 7f 44 01 f0 c3 83 3d ab 45 01 00 03 0f 82 dd
0x00007ff9f49e1a70:   01 00 00 4c 3b 05 a6 45 01 00 76 16 4c 3b 05 a5
0x00007ff9f49e1a80:   45 01 00 77 0d f6 05 30 49 01 00 02 0f 85 ee fe
0x00007ff9f49e1a90:   ff ff c4 e3 7d 18 c0 01 4c 8b c9 49 83 e1 1f 49
0x00007ff9f49e1aa0:   83 e9 20 49 2b c9 49 2b d1 4d 03 c1 49 81 f8 00
0x00007ff9f49e1ab0:   01 00 00 76 65 4c 3b 05 6c 45 01 00 0f 87 ce 00
0x00007ff9f49e1ac0:   00 00 66 66 66 66 66 66 0f 1f 84 00 00 00 00 00
0x00007ff9f49e1ad0:   c5 fd 7f 01 c5 fd 7f 41 20 c5 fd 7f 41 40 c5 fd
0x00007ff9f49e1ae0:   7f 41 60 c5 fd 7f 81 80 00 00 00 c5 fd 7f 81 a0
0x00007ff9f49e1af0:   00 00 00 c5 fd 7f 81 c0 00 00 00 c5 fd 7f 81 e0
0x00007ff9f49e1b00:   00 00 00 48 81 c1 00 01 00 00 49 81 e8 00 01 00
0x00007ff9f49e1b10:   00 49 81 f8 00 01 00 00 73 b6 4d 8d 48 1f 49 83
0x00007ff9f49e1b20:   e1 e0 4d 8b d9 49 c1 eb 05 47 8b 9c 9a f0 80 01
0x00007ff9f49e1b30:   00 4d 03 da 41 ff e3 c4 a1 7e 7f 84 09 00 ff ff
0x00007ff9f49e1b40:   ff c4 a1 7e 7f 84 09 20 ff ff ff c4 a1 7e 7f 84
0x00007ff9f49e1b50:   09 40 ff ff ff c4 a1 7e 7f 84 09 60 ff ff ff c4
0x00007ff9f49e1b60:   a1 7e 7f 44 09 80 c4 a1 7e 7f 44 09 a0 c4 a1 7e
0x00007ff9f49e1b70:   7f 44 09 c0 c4 a1 7e 7f 44 01 e0 c5 fe 7f 00 c5
0x00007ff9f49e1b80:   f8 77 c3 66 66 66 66 66 0f 1f 84 00 00 00 00 00
0x00007ff9f49e1b90:   c5 fd e7 01 c5 fd e7 41 20 c5 fd e7 41 40 c5 fd
0x00007ff9f49e1ba0:   e7 41 60 c5 fd e7 81 80 00 00 00 c5 fd e7 81 a0
0x00007ff9f49e1bb0:   00 00 00 c5 fd e7 81 c0 00 00 00 c5 fd e7 81 e0
0x00007ff9f49e1bc0:   00 00 00 48 81 c1 00 01 00 00 49 81 e8 00 01 00 



---------------  P R O C E S S  ---------------

VM state: not at safepoint (not fully initialized)

VM Mutex/Monitor currently owned by a thread: None

Heap address: 0x0000000000000000, size: 0 MB, Compressed Oops mode: 32-bit

CDS archive(s) mapped at: [0x0000000000000000-0x0000000000000000-0x0000000000000000), size 0, SharedBaseAddress: 0x0000000800000000, ArchiveRelocationMode: 1.
Narrow klass base: 0x0000000000000000, Narrow klass shift: 0, Narrow klass range: 0x0

GC Precious Log:
<Not initialized>

Dll operation events (0 events):
No events

Deoptimization events (0 events):
No events

Classes loaded (0 events):
No events

Classes unloaded (0 events):
No events

Classes redefined (0 events):
No events

Internal exceptions (0 events):
No events

ZGC Phase Switch (0 events):
No events

VM Operations (0 events):
No events

Events (0 events):
No events


Dynamic libraries:
0x00007ff614cd0000 - 0x00007ff614cde000 	C:\Users\Drilon\.jdks\openjdk-21.0.2\bin\java.exe
0x00007ff9fc490000 - 0x00007ff9fc688000 	C:\Windows\SYSTEM32\ntdll.dll
0x00007ff9b7510000 - 0x00007ff9b7529000 	C:\Program Files\AVG\Antivirus\aswhook.dll
0x00007ff9fa600000 - 0x00007ff9fa6bd000 	C:\Windows\System32\KERNEL32.DLL
0x00007ff9f9e60000 - 0x00007ff9fa156000 	C:\Windows\System32\KERNELBASE.dll
0x00007ff9fa2c0000 - 0x00007ff9fa3c0000 	C:\Windows\System32\ucrtbase.dll
0x00007ff9f4a00000 - 0x00007ff9f4a18000 	C:\Users\Drilon\.jdks\openjdk-21.0.2\bin\jli.dll
0x00007ff9f49e0000 - 0x00007ff9f49fb000 	C:\Users\Drilon\.jdks\openjdk-21.0.2\bin\VCRUNTIME140.dll
0x00007ff9fc200000 - 0x00007ff9fc39e000 	C:\Windows\System32\USER32.dll
0x00007ff9e3980000 - 0x00007ff9e3c1a000 	C:\Windows\WinSxS\amd64_microsoft.windows.common-controls_6595b64144ccf1df_6.0.19041.3636_none_60b6a03d71f818d5\COMCTL32.dll
0x00007ff9f9e00000 - 0x00007ff9f9e22000 	C:\Windows\System32\win32u.dll
0x00007ff9fb070000 - 0x00007ff9fb10e000 	C:\Windows\System32\msvcrt.dll
0x00007ff9fa760000 - 0x00007ff9fa78c000 	C:\Windows\System32\GDI32.dll
0x00007ff9fa3c0000 - 0x00007ff9fa4da000 	C:\Windows\System32\gdi32full.dll
0x00007ff9f9d60000 - 0x00007ff9f9dfd000 	C:\Windows\System32\msvcp_win.dll
0x00007ff9fa6c0000 - 0x00007ff9fa6f0000 	C:\Windows\System32\IMM32.DLL
0x00007ff9e3cc0000 - 0x00007ff9e3ccc000 	C:\Users\Drilon\.jdks\openjdk-21.0.2\bin\vcruntime140_1.dll
0x00007ff9d74d0000 - 0x00007ff9d755e000 	C:\Users\Drilon\.jdks\openjdk-21.0.2\bin\msvcp140.dll
0x00007ff969830000 - 0x00007ff96a547000 	C:\Users\Drilon\.jdks\openjdk-21.0.2\bin\server\jvm.dll
0x00007ff9fae70000 - 0x00007ff9faf23000 	C:\Windows\System32\ADVAPI32.dll
0x00007ff9fbe20000 - 0x00007ff9fbebf000 	C:\Windows\System32\sechost.dll
0x00007ff9faf40000 - 0x00007ff9fb066000 	C:\Windows\System32\RPCRT4.dll
0x00007ff9f9e30000 - 0x00007ff9f9e57000 	C:\Windows\System32\bcrypt.dll
0x00007ff9fb580000 - 0x00007ff9fb5eb000 	C:\Windows\System32\WS2_32.dll
0x00007ff9f9310000 - 0x00007ff9f935b000 	C:\Windows\SYSTEM32\POWRPROF.dll
0x00007ff9eedb0000 - 0x00007ff9eedba000 	C:\Windows\SYSTEM32\VERSION.dll
0x00007ff9ee280000 - 0x00007ff9ee2a7000 	C:\Windows\SYSTEM32\WINMM.dll
0x00007ff9f9280000 - 0x00007ff9f9292000 	C:\Windows\SYSTEM32\UMPDC.dll
0x00007ff9f7a30000 - 0x00007ff9f7a42000 	C:\Windows\SYSTEM32\kernel.appcore.dll
0x00007ff9e38e0000 - 0x00007ff9e38ea000 	C:\Users\Drilon\.jdks\openjdk-21.0.2\bin\jimage.dll
0x00007ff9ee470000 - 0x00007ff9ee654000 	C:\Windows\SYSTEM32\DBGHELP.DLL
0x00007ff9ebf90000 - 0x00007ff9ebfc4000 	C:\Windows\SYSTEM32\dbgcore.DLL
0x00007ff9f9cd0000 - 0x00007ff9f9d52000 	C:\Windows\System32\bcryptPrimitives.dll
0x00007ff9dd020000 - 0x00007ff9dd05c000 	C:\Users\Drilon\.jdks\openjdk-21.0.2\bin\jdwp.dll

dbghelp: loaded successfully - version: 4.0.5 - missing functions: none
symbol engine: initialized successfully - sym options: 0x614 - pdb path: .;C:\Users\Drilon\.jdks\openjdk-21.0.2\bin;C:\Windows\SYSTEM32;C:\Program Files\AVG\Antivirus;C:\Windows\WinSxS\amd64_microsoft.windows.common-controls_6595b64144ccf1df_6.0.19041.3636_none_60b6a03d71f818d5;C:\Users\Drilon\.jdks\openjdk-21.0.2\bin\server

VM Arguments:
jvm_args: -agentlib:jdwp=transport=dt_socket,address=127.0.0.1:53861,suspend=y,server=n -XX:TieredStopAtLevel=1 -Dspring.output.ansi.enabled=always -Dcom.sun.management.jmxremote -Dspring.jmx.enabled=true -Dspring.liveBeansView.mbeanDomain -Dspring.application.admin.enabled=true -Dmanagement.endpoints.jmx.exposure.include=* -Dfile.encoding=UTF-8 -Dsun.stdout.encoding=UTF-8 -Dsun.stderr.encoding=UTF-8 
java_command: com.example.medisyncpro.MediSyncProApplication
java_class_path (initial): C:\Users\Drilon\IdeaProjects\MediSyncPro\backend\build\classes\java\main;C:\Users\Drilon\IdeaProjects\MediSyncPro\backend\build\resources\main;C:\Users\Drilon\.gradle\caches\modules-2\files-2.1\org.projectlombok\lombok\1.18.30\f195ee86e6c896ea47a1d39defbe20eb59cd149d\lombok-1.18.30.jar;C:\Users\Drilon\.gradle\caches\modules-2\files-2.1\org.springframework.boot\spring-boot-starter-thymeleaf\3.2.1\47e7961d0b77a14d4eb10807f7a0cf25bd68b1f2\spring-boot-starter-thymeleaf-3.2.1.jar;C:\Users\Drilon\.gradle\caches\modules-2\files-2.1\org.springframework.boot\spring-boot-starter-web\3.2.1\e27e36d4222fd4d589e634e1c7f5f09f0316147c\spring-boot-starter-web-3.2.1.jar;C:\Users\Drilon\.gradle\caches\modules-2\files-2.1\org.springframework.boot\spring-boot-starter-data-jpa\3.2.1\3d48124f433375cf0113aa69603021635b55a21a\spring-boot-starter-data-jpa-3.2.1.jar;C:\Users\Drilon\.gradle\caches\modules-2\files-2.1\jakarta.persistence\jakarta.persistence-api\3.1.0\66901fa1c373c6aff65c13791cc11da72060a8d6\jakarta.persistence-api-3.1.0.jar;C:\Users\Drilon\.gradle\caches\modules-2\files-2.1\org.postgresql\postgresql\42.6.0\7614cfce466145b84972781ab0079b8dea49e363\postgresql-42.6.0.jar;C:\Users\Drilon\.gradle\caches\modules-2\files-2.1\org.springframework.boot\spring-boot-starter\3.2.1\bc03d7075fb9d9d4877218db48d5dae3dd72a65d\spring-boot-starter-3.2.1.jar;C:\Users\Drilon\.gradle\caches\modules-2\files-2.1\org.thymeleaf\thymeleaf-spring6\3.1.2.RELEASE\6030c7b4e260c41336f378e53da6e8531263f24b\thymeleaf-spring6-3.1.2.RELEASE.jar;C:\Users\Drilon\.gradle\caches\modules-2\files-2.1\org.springframework.boot\spring-boot-starter-json\3.2.1\ecda50de20ab6d3c49ea30df4c1982048f5d31ac\spring-boot-starter-json-3.2.1.jar;C:\Users\Drilon\.gradle\caches\modules-2\files-2.1\org.springframework.boot\spring-boot-starter-tomcat\3.2.1\d8efc48034015522958cb3fea5831b4cbcd4fcfb\spring-boot-starter-tomcat-3.2.1.jar;C:\Users\Drilon\.gradle\caches\modules-2\files-2.1\org.springframework\spring-webmvc\6.1.2\906ee995372076e22ef9666d8628845c75bf5c42\spring-webmvc-6.1.2.jar;C:\Users\Drilon\.gradle\caches\modules-2\files-2.1\org.springframework\spring-web\6.1.2\f26b98778376cc39afb04fbb6fdd7543bef89f2\spring-web-6.1.2.jar;C:\Users\Drilon\.gradle\caches\modules-2\files-2.1\org.hibernate.orm\hibernate-core\6.4.1.Final\3dcefddf6609e6491d37208bcc0cab1273598cbd\hibernate-core-6.4.1.Final.jar;C:\Users\Drilon\.gradle\caches\modules-2\files-2.1\org.springframework.boot\spring-boot-starter-aop\3.2.1\e8daf5422a28d8b2e304a00090a8fe730bda0e6c\spring-boot-starter-aop-3.2.1.jar;C:\Users\Drilon\.gradle\caches\modules-2\files-2.1\org.springframework.boot\spring-boot-starter-jdbc\3.2.1\e3de1c46cd238d55f0c2a5f5ea416fadce000318\spring-boot-starter-jdbc-3.2.1.jar;C:\Users\Drilon\.gradle\caches\modules-2\files-2.1\org.springframework.data\spring-data-jpa\3.2.1\230869eb3094a2eb1cb0b077f7990e7f47062f53\spring-data-jpa-3.2.1.jar;C:\Users\Drilon\.gradle\caches\modules-2\files-2.1\org.springframework\spring-aspects\6.1.2\423247e0be90804888668ea16d7e7f0d9168a7b9\spring-aspects-6.1.2.jar;C:\Users\Drilon\.gradle\caches\modules-2\files-2.1\org.springframework.boot\spring-boot-autoconfigure\3.2.1\b100d2d21d45dddd740d496357ca6f3813d777d0\spring-boot-autoconfigure-3.2.1.jar;C:\Users\Drilon\.gradle\caches\modules-2\files-2.1\org.springframework.boot\spring-boot\3.2.1\faa2ce019bee68a8d17529d0a08ebc427f927e13\spring-boot-3.2.1.jar;C:\Users\Drilon\.gradle\caches\modules-2\files-2.1\org.springframework.boot\spring-boot-starter-logging\3.2.1\df8ec78dc87885298998ca3c9bd603ee7bfe5b8\spring-boot-starter-logging-3.2.1.jar;C:\Users\Drilon\.gradle\caches\modules-2\files-2.1\jakarta.annotation\jakarta.annotation-api\2.1.1\48b9bda22b091b1f48b13af03fe36db3be6e1ae3\jakarta.annotation-api-2.1.1.jar;C:\Users\Drilon\.gradle\caches\modules-2\files-2.1\org.springframework\spring-core\6.1.2\e43c71a9eaca454654621f7d272f15b53c68d583\spring-core-6.1.2.jar;C:\Users\Drilon\.gradle\caches\modules-2\files-2.1\org.yaml\snakeyaml\2.2\3af797a25458550a16bf89acc8e4ab2b7f2bfce0\snakeyaml-2.2.jar;C:\Users\Drilon\.gradle\caches\modules-2\files-2.1\org.thymeleaf\thymeleaf\3.1.2.RELEASE\273997509a4c7aef86cee0521750140c587d9be2\thymeleaf-3.1.2.RELEASE.jar;C:\Users\Drilon\.gradle\caches\modules-2\files-2.1\org.slf4j\slf4j-api\2.0.9\7cf2726fdcfbc8610f9a71fb3ed639871f315340\slf4j-api-2.0.9.jar;C:\Users\Drilon\.gradle\caches\modules-2\files-2.1\com.fasterxml.jackson.datatype\jackson-datatype-jsr310\2.15.3\4a20a0e104931bfa72f24ef358c2eb63f1ef2aaf\jackson-datatype-jsr310-2.15.3.jar;C:\Users\Drilon\.gradle\caches\modules-2\files-2.1\com.fasterxml.jackson.module\jackson-module-parameter-names\2.15.3\8d251b90c5358677e7d8161e0c2488e6f84f49da\jackson-module-parameter-names-2.15.3.jar;C:\Users\Drilon\.gradle\caches\modules-2\files-2.1\com.fasterxml.jackson.datatype\jackson-datatype-jdk8\2.15.3\80158cb020c7bd4e4ba94d8d752a65729dc943b2\jackson-datatype-jdk8-2.15.3.jar;C:\Users\Drilon\.gradle\caches\modules-2\files-2.1\com.fasterxml.jackson.core\jackson-databind\2.15.3\a734bc2c47a9453c4efa772461a3aeb273c010d9\jackson-databind-2.15.3.jar;C:\Users\Drilon\.gradle\caches\modules-2\files-2.1\org.apache.tomcat.embed\tomcat-embed-websocket\10.1.17\9ee2f34b51144b75878c9b42768e17de8fbdc74b\tomcat-embed-websocket-10.1.17.jar;C:\Users\Drilon\.gradle\caches\modules-2\files-2.1\org.apache.tomcat.embed\tomcat-embed-core\10.1.17\5b9185ee002f9e194d2cb21ddcf8bc5f3d4a69da\tomcat-embed-core-10.1.17.jar;C:\Users\Drilon\.gradle\caches\modules-2\files-2.1\org.apache.tomcat.embed\tomcat-embed-el\10.1.17\9ad7312421535d7d3aabe0f541e852baccb59726\tomcat-embed-el-10.1.17.jar;C:\Users\Drilon\.gradle\caches\modules-2\files-2.1\org.springframework\spring-context\6.1.2\15df19852991220556b4462a366269b8e15278eb\spring-context-6.1.2.jar;C:\Users\Drilon\.gradle\caches\modules-2\files-2.1\org.springframework\spring-aop\6.1.2\a247bd81df8fa9c6a002b95969692bfd146a70b2\spring-aop-6.1.2.jar;C:\Users\Drilon\.gradle\caches\modules-2\files-2.1\org.springframework\spring-beans\6.1.2\abf52f2254975a3b1e95b2b63fb8b01d891cdc51\spring-beans-6.1.2.jar;C:\Users\Drilon\.gradle\caches\modules-2\files-2.1\org.springframework\spring-expression\6.1.2\98786397734b27b7c8843a6b01a7fa34d40d6806\spring-expression-6.1.2.jar;C:\Users\Drilon\.gradle\caches\modules-2\files-2.1\io.micrometer\micrometer-observation\1.12.1\fbd0e0e9b6a36effd53e0eee35b050ed1f548ae5\micrometer-observation-1.12.1.jar;C:\Users\Drilon\.gradle\caches\modules-2\files-2.1\jakarta.transaction\jakarta.transaction-api\2.0.1\51a520e3fae406abb84e2e1148e6746ce3f80a1a\jakarta.transaction-api-2.0.1.jar;C:\Users\Drilon\.gradle\caches\modules-2\files-2.1\org.aspectj\aspectjweaver\1.9.21\beaabaea95c7f3330f415c72ee0ffe79b51d172f\aspectjweaver-1.9.21.jar;C:\Users\Drilon\.gradle\caches\modules-2\files-2.1\org.springframework\spring-jdbc\6.1.2\2c9b37e4cc9bfd7e413d4685f09b6c5447d75638\spring-jdbc-6.1.2.jar;C:\Users\Drilon\.gradle\caches\modules-2\files-2.1\com.zaxxer\HikariCP\5.0.1\a74c7f0a37046846e88d54f7cb6ea6d565c65f9c\HikariCP-5.0.1.jar;C:\Users\Drilon\.gradle\caches\modules-2\files-2.1\org.springframework\spring-orm\6.1.2\32d93c8762b828e9017429528879d5f57be83b8f\spring-orm-6.1.2.jar;C:\Users\Drilon\.gradle\caches\modules-2\files-2.1\org.springframework.data\spring-data-commons\3.2.1\5983faa6a0f8b3a11a0cfc2ce1fabd43379a02d2\spring-data-commons-3.2.1.jar;C:\Users\Drilon\.gradle\caches\modules-2\files-2.1\org.springframework\spring-tx\6.1.2\48b9ff81c43345320779b402f1bb33b9f46ec4e9\spring-tx-6.1.2.jar;C:\Users\Drilon\.gradle\caches\modules-2\files-2.1\org.antlr\antlr4-runtime\4.13.0\5a02e48521624faaf5ff4d99afc88b01686af655\antlr4-runtime-4.13.0.jar;C:\Users\Drilon\.gradle\caches\modules-2\files-2.1\ch.qos.logback\logback-classic\1.4.14\d98bc162275134cdf1518774da4a2a17ef6fb94d\logback-classic-1.4.14.jar;C:\Users\Drilon\.gradle\caches\modules-2\files-2.1\org.apache.logging.log4j\log4j-to-slf4j\2.21.1\d77b2ba81711ed596cd797cc2b5b5bd7409d841c\log4j-to-slf4j-2.21.1.jar;C:\Users\Drilon\.gradle\caches\modules-2\files-2.1\org.slf4j\jul-to-slf4j\2.0.9\9ef7c70b248185845f013f49a33ff9ca65b7975\jul-to-slf4j-2.0.9.jar;C:\Users\Drilon\.gradle\caches\modules-2\files-2.1\org.springframework\spring-jcl\6.1.2\285eb725861c9eacf2a3e4965d4e897932e335ea\spring-jcl-6.1.2.jar;C:\Users\Drilon\.gradle\caches\modules-2\files-2.1\org.attoparser\attoparser\2.0.7.RELEASE\e5d0e988d9124139d645bb5872b24dfa23e283cc\attoparser-2.0.7.RELEASE.jar;C:\Users\Drilon\.gradle\caches\modules-2\files-2.1\org.unbescape\unbescape\1.1.6.RELEASE\7b90360afb2b860e09e8347112800d12c12b2a13\unbescape-1.1.6.RELEASE.jar;C:\Users\Drilon\.gradle\caches\modules-2\files-2.1\com.fasterxml.jackson.core\jackson-annotations\2.15.3\79baf4e605eb3bbb60b1c475d44a7aecceea1d60\jackson-annotations-2.15.3.jar;C:\Users\Drilon\.gradle\caches\modules-2\files-2.1\com.fasterxml.jackson.core\jackson-core\2.15.3\60d600567c1862840397bf9ff5a92398edc5797b\jackson-core-2.15.3.jar;C:\Users\Drilon\.gradle\caches\modules-2\files-2.1\io.micrometer\micrometer-commons\1.12.1\abcc6b294e60582afdfae6c559c94ad1d412ce2d\micrometer-commons-1.12.1.jar;C:\Users\Drilon\.gradle\caches\modules-2\files-2.1\ch.qos.logback\logback-core\1.4.14\4d3c2248219ac0effeb380ed4c5280a80bf395e8\logback-core-1.4.14.jar;C:\Users\Drilon\.gradle\caches\modules-2\files-2.1\org.apache.logging.log4j\log4j-api\2.21.1\74c65e87b9ce1694a01524e192d7be989ba70486\log4j-api-2.21.1.jar;C:\Users\Drilon\.gradle\caches\modules-2\files-2.1\org.springframework.boot\spring-boot-devtools\3.2.1\6c725582be436b834450dffb0e158c3276f0183e\spring-boot-devtools-3.2.1.jar;C:\Users\Drilon\.gradle\caches\modules-2\files-2.1\org.checkerframework\checker-qual\3.31.0\eeefd4af42e2f4221d145c1791582f91868f99ab\checker-qual-3.31.0.jar;C:\Users\Drilon\.gradle\caches\modules-2\files-2.1\org.jboss.logging\jboss-logging\3.5.3.Final\c88fc1d8a96d4c3491f55d4317458ccad53ca663\jboss-logging-3.5.3.Final.jar;C:\Users\Drilon\.gradle\caches\modules-2\files-2.1\org.hibernate.common\hibernate-commons-annotations\6.0.6.Final\77a5f94b56d49508e0ee334751db5b78e5ccd50c\hibernate-commons-annotations-6.0.6.Final.jar;C:\Users\Drilon\.gradle\caches\modules-2\files-2.1\io.smallrye\jandex\3.1.2\a6c1c89925c7df06242b03dddb353116ceb9584c\jandex-3.1.2.jar;C:\Users\Drilon\.gradle\caches\modules-2\files-2.1\com.fasterxml\classmate\1.6.0\91affab6f84a2182fce5dd72a8d01bc14346dddd\classmate-1.6.0.jar;C:\Users\Drilon\.gradle\caches\modules-2\files-2.1\net.bytebuddy\byte-buddy\1.14.10\8117daf4a612122eb4f517f66adff778cb8b4737\byte-buddy-1.14.10.jar;C:\Users\Drilon\.gradle\caches\modules-2\files-2.1\org.glassfish.jaxb\jaxb-runtime\4.0.4\7180c50ef8bd127bb1dd645458b906cffcf6c2b5\jaxb-runtime-4.0.4.jar;C:\Users\Drilon\.gradle\caches\modules-2\files-2.1\jakarta.xml.bind\jakarta.xml.bind-api\4.0.1\ca2330866cbc624c7e5ce982e121db1125d23e15\jakarta.xml.bind-api-4.0.1.jar;C:\Users\Drilon\.gradle\caches\modules-2\files-2.1\jakarta.inject\jakarta.inject-api\2.0.1\4c28afe1991a941d7702fe1362c365f0a8641d1e\jakarta.inject-api-2.0.1.jar;C:\Users\Drilon\.gradle\caches\modules-2\files-2.1\org.glassfish.jaxb\jaxb-core\4.0.4\2d5aadd02af86f1e9d8c6f7e8501673f915d4e25\jaxb-core-4.0.4.jar;C:\Users\Drilon\.gradle\caches\modules-2\files-2.1\jakarta.activation\jakarta.activation-api\2.1.2\640c0d5aff45dbff1e1a1bc09673ff3a02b1ba12\jakarta.activation-api-2.1.2.jar;C:\Users\Drilon\.gradle\caches\modules-2\files-2.1\org.eclipse.angus\angus-activation\2.0.1\eaafaf4eb71b400e4136fc3a286f50e34a68ecb7\angus-activation-2.0.1.jar;C:\Users\Drilon\.gradle\caches\modules-2\files-2.1\org.glassfish.jaxb\txw2\4.0.4\cfd2bcf08782673ac370694fdf2cf76dbaa607ef\txw2-4.0.4.jar;C:\Users\Drilon\.gradle\caches\modules-2\files-2.1\com.sun.istack\istack-commons-runtime\4.1.2\18ec117c85f3ba0ac65409136afa8e42bc74e739\istack-commons-runtime-4.1.2.jar;C:\Program Files\JetBrains\IntelliJ IDEA 2023.1\lib\idea_rt.jar
Launcher Type: SUN_STANDARD

[Global flags]
     uint ConcGCThreads                            = 3                                         {product} {ergonomic}
     uint G1ConcRefinementThreads                  = 13                                        {product} {ergonomic}
    uintx GCDrainStackTargetSize                   = 64                                        {product} {ergonomic}
   size_t InitialHeapSize                          = 250610752                                 {product} {ergonomic}
     bool ManagementServer                         = true                                      {product} {command line}
   size_t MarkStackSize                            = 4194304                                   {product} {ergonomic}
   size_t MaxHeapSize                              = 4009772032                                {product} {ergonomic}
   size_t MinHeapSize                              = 6815736                                   {product} {ergonomic}
     bool ProfileInterpreter                       = false                                  {pd product} {command line}
     intx TieredStopAtLevel                        = 1                                         {product} {command line}
     bool UseCompressedOops                        = true                           {product lp64_product} {ergonomic}
     bool UseG1GC                                  = true                                      {product} {ergonomic}
     bool UseLargePagesIndividualAllocation        = false                                  {pd product} {ergonomic}

Logging:
Log output configuration:
 #0: stdout all=warning uptime,level,tags foldmultilines=false
 #1: stderr all=off uptime,level,tags foldmultilines=false

Environment Variables:
PATH=C:\Program Files\Microsoft\jdk-11.0.16.101-hotspot\bin;C:\Windows\system32;C:\Windows;C:\Windows\System32\Wbem;C:\Windows\System32\WindowsPowerShell\v1.0\;C:\Windows\System32\OpenSSH\;C:\Program Files\Microsoft SQL Server\150\Tools\Binn\;C:\Program Files\Microsoft SQL Server\Client SDK\ODBC\170\Tools\Binn\;C:\Program Files\Process Lasso\;C:\ProgramData\chocolatey\bin;C:\Program Files (x86)\Microsoft SQL Server\160\Tools\Binn\;C:\Program Files\Microsoft SQL Server\160\Tools\Binn\;C:\Program Files\Microsoft SQL Server\160\DTS\Binn\;C:\Users\Drilon\AppData\Local\Programs\Python\Python39;C:\Users\Drilon\AppData\Local\Programs\Python\Python39\Scripts;C:\Program Files\dotnet\;C:\Program Files (x86)\Microsoft SQL Server\160\DTS\Binn\;C:\Program Files\Azure Data Studio\bin;C:\Program Files\nodejs\;C:\Program Files\Git\cmd;C:\Users\Drilon\AppData\Local\Programs\Python\Python311\Scripts\;C:\Users\Drilon\AppData\Local\Programs\Python\Python311\;C:\Users\Drilon\AppData\Local\Microsoft\WindowsApps;C:\Users\Drilon\AppData\Local\Programs\Microsoft VS Code\bin;C:\Program Files\JetBrains\PyCharm 2023.1\bin;;C:\Program Files\JetBrains\WebStorm 2023.1\bin;;C:\Program Files\JetBrains\IntelliJ IDEA 2023.1\bin;;C:\Program Files\Azure Data Studio\bin;C:\Users\Drilon\.dotnet\tools;C:\Program Files\Azure Data Studio\bin;C:\Users\Drilon\AppData\Roaming\npm;C:\Users\Drilon\AppData\Local\GitHubDesktop\bin
USERNAME=Drilon
OS=Windows_NT
PROCESSOR_IDENTIFIER=AMD64 Family 23 Model 113 Stepping 0, AuthenticAMD
TMP=C:\Users\Drilon\AppData\Local\Temp
TEMP=C:\Users\Drilon\AppData\Local\Temp




Periodic native trim disabled

---------------  S Y S T E M  ---------------

OS:
 Windows 10 , 64 bit Build 19041 (10.0.19041.3636)
OS uptime: 1 days 18:16 hours

CPU: total 16 (initial active 16) 
Processor Information for all 16 processors :
  Max Mhz: 3600, Current Mhz: 3600, Mhz Limit: 3600

Memory: 4k page, system-wide physical 15296M (2838M free)
TotalPageFile size 29311M (AvailPageFile size 5423M)
current process WorkingSet (physical memory assigned to process): 8M, peak: 8M
current process commit charge ("private bytes"): 3M, peak: 3M

vm_info: OpenJDK 64-Bit Server VM (21.0.2+13-58) for windows-amd64 JRE (21.0.2+13-58), built on 2024-01-05T18:32:24Z by "mach5one" with MS VC++ 17.1 (VS2022)

END.
